{"C:\\DATA-JON\\PROJECT-EXPRESSJS\\express4-bleajar-unittesting-jest\\src\\controllers\\TestingController.js": {"path":"C:\\DATA-JON\\PROJECT-EXPRESSJS\\express4-bleajar-unittesting-jest\\src\\controllers\\TestingController.js","statementMap":{"0":{"start":{"line":1,"column":0},"end":{"line":3,"column":1}},"1":{"start":{"line":2,"column":2},"end":{"line":2,"column":23}}},"fnMap":{"0":{"name":"(anonymous_0)","decl":{"start":{"line":1,"column":14},"end":{"line":1,"column":15}},"loc":{"start":{"line":1,"column":33},"end":{"line":3,"column":1}},"line":1}},"branchMap":{},"s":{"0":1,"1":1},"f":{"0":1},"b":{},"_coverageSchema":"1a1c01bbd47fc00a2c39e90264f33305004495a9","hash":"f1b69582518d9f98a1e180584fcf9b094c8bcdca"}
}
